Copyright 1986-2021 Xilinx, Inc. All Rights Reserved.
----------------------------------------------------------------------------------------------------------------------------------------------------------------------
| Tool Version     : Vivado v.2021.1 (lin64) Build 3247384 Thu Jun 10 19:36:07 MDT 2021
| Date             : Tue Mar 22 19:53:57 2022
| Host             : PC running 64-bit Ubuntu 20.04.4 LTS
| Command          : report_power -file hardware_wrapper_power_routed.rpt -pb hardware_wrapper_power_summary_routed.pb -rpx hardware_wrapper_power_routed.rpx
| Design           : hardware_wrapper
| Device           : xck26-sfvc784-2LV-c
| Design State     : routed
| Grade            : commercial
| Process          : typical
| Characterization : Production
----------------------------------------------------------------------------------------------------------------------------------------------------------------------

Power Report

Table of Contents
-----------------
1. Summary
1.1 On-Chip Components
1.2 Power Supply Summary
1.3 Confidence Level
2. Settings
2.1 Environment
2.2 Clock Constraints
3. Detailed Reports
3.1 By Hierarchy

1. Summary
----------

+--------------------------+--------------+
| Total On-Chip Power (W)  | 4.149        |
| Design Power Budget (W)  | Unspecified* |
| Power Budget Margin (W)  | NA           |
| Dynamic (W)              | 3.817        |
| Device Static (W)        | 0.332        |
| Effective TJA (C/W)      | 2.3          |
| Max Ambient (C)          | 75.4         |
| Junction Temperature (C) | 34.6         |
| Confidence Level         | Low          |
| Setting File             | ---          |
| Simulation Activity File | ---          |
| Design Nets Matched      | NA           |
+--------------------------+--------------+
* Specify Design Power Budget using, set_operating_conditions -design_power_budget <value in Watts>


1.1 On-Chip Components
----------------------

+--------------------------+-----------+----------+-----------+-----------------+
| On-Chip                  | Power (W) | Used     | Available | Utilization (%) |
+--------------------------+-----------+----------+-----------+-----------------+
| Clocks                   |     0.280 |       10 |       --- |             --- |
| CLB Logic                |     0.198 |    67562 |       --- |             --- |
|   LUT as Logic           |     0.127 |    22125 |    117120 |           18.89 |
|   Register               |     0.024 |    34160 |    234240 |           14.58 |
|   LUT as Shift Register  |     0.022 |      610 |     57600 |            1.06 |
|   LUT as Distributed RAM |     0.020 |     1310 |     57600 |            2.27 |
|   CARRY8                 |     0.005 |      647 |     14640 |            4.42 |
|   Others                 |     0.000 |     1659 |       --- |             --- |
|   F7/F8 Muxes            |     0.000 |      344 |    117120 |            0.29 |
| Signals                  |     0.325 |    54776 |       --- |             --- |
| Block RAM                |     0.138 |     89.5 |       144 |           62.15 |
| MMCM                     |     0.201 |        0 |       --- |             --- |
| DSPs                     |     0.112 |      111 |      1248 |            8.89 |
| I/O                      |     0.003 |        6 |       186 |            3.23 |
| SYSMON                   |     0.003 |        1 |       --- |             --- |
| PS8                      |     2.557 |        1 |       --- |             --- |
| Static Power             |     0.332 |          |           |                 |
|   PS Static              |     0.000 |          |           |                 |
|   PL Static              |     0.332 |          |           |                 |
| Total                    |     4.149 |          |           |                 |
+--------------------------+-----------+----------+-----------+-----------------+


1.2 Power Supply Summary
------------------------

+-----------------+-------------+-----------+-------------+------------+-------------+-------------+------------+
| Source          | Voltage (V) | Total (A) | Dynamic (A) | Static (A) | Powerup (A) | Budget (A)  | Margin (A) |
+-----------------+-------------+-----------+-------------+------------+-------------+-------------+------------+
| Vccint          |       0.720 |     1.556 |       1.456 |      0.100 |       NA    | Unspecified | NA         |
| Vccint_io       |       0.850 |     0.037 |       0.000 |      0.037 |       NA    | Unspecified | NA         |
| Vccbram         |       0.850 |     0.012 |       0.010 |      0.002 |       NA    | Unspecified | NA         |
| Vccaux          |       1.800 |     0.186 |       0.111 |      0.074 |       NA    | Unspecified | NA         |
| Vccaux_io       |       1.800 |     0.032 |       0.000 |      0.031 |       NA    | Unspecified | NA         |
| Vcco33          |       3.300 |     0.007 |       0.001 |      0.007 |       NA    | Unspecified | NA         |
| Vcco25          |       2.500 |     0.000 |       0.000 |      0.000 |       NA    | Unspecified | NA         |
| Vcco18          |       1.800 |     0.000 |       0.000 |      0.000 |       NA    | Unspecified | NA         |
| Vcco15          |       1.500 |     0.000 |       0.000 |      0.000 |       NA    | Unspecified | NA         |
| Vcco135         |       1.350 |     0.000 |       0.000 |      0.000 |       NA    | Unspecified | NA         |
| Vcco12          |       1.200 |     0.000 |       0.000 |      0.000 |       NA    | Unspecified | NA         |
| Vcco10          |       1.000 |     0.000 |       0.000 |      0.000 |       NA    | Unspecified | NA         |
| Vccadc          |       1.800 |     0.008 |       0.000 |      0.008 |       NA    | Unspecified | NA         |
| VCC_PSINTFP     |       0.850 |     0.973 |       0.973 |      0.000 |       NA    | Unspecified | NA         |
| VCC_PSINTLP     |       0.850 |     0.251 |       0.251 |      0.000 |       NA    | Unspecified | NA         |
| VPS_MGTRAVCC    |       0.850 |     0.067 |       0.067 |      0.000 |       NA    | Unspecified | NA         |
| VCC_PSINTFP_DDR |       0.850 |     0.726 |       0.726 |      0.000 |       NA    | Unspecified | NA         |
| VCC_PSPLL       |       1.200 |     0.071 |       0.071 |      0.000 |       NA    | Unspecified | NA         |
| VPS_MGTRAVTT    |       1.800 |     0.025 |       0.025 |      0.000 |       NA    | Unspecified | NA         |
| VCCO_PSDDR_504  |       1.200 |     0.592 |       0.592 |      0.000 |       NA    | Unspecified | NA         |
| VCC_PSAUX       |       1.800 |     0.000 |       0.000 |      0.000 |       NA    | Unspecified | NA         |
| VCC_PSBATT      |       1.200 |     0.000 |       0.000 |      0.000 |       NA    | Unspecified | NA         |
| VCC_PSDDR_PLL   |       1.800 |     0.000 |       0.000 |      0.000 |       NA    | Unspecified | NA         |
| VCCO_PSIO0_500  |       1.800 |     0.000 |       0.000 |      0.000 |       NA    | Unspecified | NA         |
| VCCO_PSIO1_501  |       1.800 |     0.000 |       0.000 |      0.000 |       NA    | Unspecified | NA         |
| VCCO_PSIO2_502  |       1.800 |     0.000 |       0.000 |      0.000 |       NA    | Unspecified | NA         |
| VCCO_PSIO3_503  |       1.800 |     0.000 |       0.000 |      0.000 |       NA    | Unspecified | NA         |
| VCC_PSADC       |       1.800 |     0.000 |       0.000 |      0.000 |       NA    | Unspecified | NA         |
| MGTAVcc         |       0.900 |     0.000 |       0.000 |      0.000 |       NA    | Unspecified | NA         |
| MGTAVtt         |       1.200 |     0.000 |       0.000 |      0.000 |       NA    | Unspecified | NA         |
| MGTVccaux       |       1.800 |     0.000 |       0.000 |      0.000 |       NA    | Unspecified | NA         |
+-----------------+-------------+-----------+-------------+------------+-------------+-------------+------------+


1.3 Confidence Level
--------------------

+-----------------------------+------------+--------------------------------------------------------+------------------------------------------------------------------------------------------------------------+
| User Input Data             | Confidence | Details                                                | Action                                                                                                     |
+-----------------------------+------------+--------------------------------------------------------+------------------------------------------------------------------------------------------------------------+
| Design implementation state | High       | Design is routed                                       |                                                                                                            |
| Clock nodes activity        | High       | User specified more than 95% of clocks                 |                                                                                                            |
| I/O nodes activity          | Low        | More than 75% of inputs are missing user specification | Provide missing input activity with simulation results or by editing the "By Resource Type -> I/Os" view   |
| Internal nodes activity     | Medium     | User specified less than 25% of internal nodes         | Provide missing internal nodes activity with simulation results or by editing the "By Resource Type" views |
| Device models               | High       | Device models are Production                           |                                                                                                            |
|                             |            |                                                        |                                                                                                            |
| Overall confidence level    | Low        |                                                        |                                                                                                            |
+-----------------------------+------------+--------------------------------------------------------+------------------------------------------------------------------------------------------------------------+


2. Settings
-----------

2.1 Environment
---------------

+-----------------------+--------------------------+
| Ambient Temp (C)      | 25.0                     |
| ThetaJA (C/W)         | 2.3                      |
| Airflow (LFM)         | 250                      |
| Heat Sink             | medium (Medium Profile)  |
| ThetaSA (C/W)         | 5.5                      |
| Board Selection       | medium (10"x10")         |
| # of Board Layers     | 12to15 (12 to 15 Layers) |
| Board Temperature (C) | 25.0                     |
+-----------------------+--------------------------+


2.2 Clock Constraints
---------------------

+---------------------------------+---------------------------------------------------------+-----------------+
| Clock                           | Domain                                                  | Constraint (ns) |
+---------------------------------+---------------------------------------------------------+-----------------+
| clk_pl_0                        | hardware_i/zynq_ultra_ps/inst/pl_clk0                   |            10.0 |
| clk_pl_0                        | hardware_i/zynq_ultra_ps/inst/pl_clk_unbuffered[0]      |            10.0 |
| clkfbout_hardware_clk_wiz_0_2   | hardware_i/clk_wiz_0/inst/clkfbout_hardware_clk_wiz_0_2 |            10.0 |
| clkfbout_hardware_clk_wiz_1_0_1 | hardware_i/clk_wiz_1/inst/clkfbout_hardware_clk_wiz_1_0 |            10.0 |
| dpu_hardware_clk_wiz_0_2        | hardware_i/clk_wiz_0/inst/dpu_hardware_clk_wiz_0_2      |             3.1 |
| dpux2_hardware_clk_wiz_0_2      | hardware_i/clk_wiz_0/inst/dpux2_hardware_clk_wiz_0_2    |             1.5 |
| global_hardware_clk_wiz_1_0_1   | hardware_i/clk_wiz_1/inst/global_hardware_clk_wiz_1_0   |            10.0 |
+---------------------------------+---------------------------------------------------------+-----------------+


3. Detailed Reports
-------------------

3.1 By Hierarchy
----------------

+---------------------------+-----------+
| Name                      | Power (W) |
+---------------------------+-----------+
| hardware_wrapper          |     3.817 |
|   hardware_i              |     3.814 |
|     DPUCZDX8G_0           |     1.032 |
|       inst                |     1.032 |
|     axi_interconnect_1    |     0.007 |
|       m00_couplers        |     0.002 |
|       m02_couplers        |     0.002 |
|       m03_couplers        |     0.002 |
|       xbar                |     0.001 |
|     clk_wiz_0             |     0.104 |
|       inst                |     0.104 |
|     clk_wiz_1             |     0.098 |
|       inst                |     0.098 |
|     div_stepper           |     0.002 |
|       inst                |     0.002 |
|     divider_pwm           |     0.003 |
|       inst                |     0.003 |
|     system_management_wiz |     0.005 |
|       inst                |     0.005 |
|     zynq_ultra_ps         |     2.559 |
|       inst                |     2.559 |
+---------------------------+-----------+


