Copyright 1986-2021 Xilinx, Inc. All Rights Reserved.
-------------------------------------------------------------------------------------------------
| Tool Version      : Vivado v.2021.1 (win64) Build 3247384 Thu Jun 10 19:36:33 MDT 2021
| Date              : Wed Jan 12 05:53:06 2022
| Host              : DESKTOP-OELG8MS running 64-bit major release  (build 9200)
| Command           : report_clock_utilization -file system_wrapper_clock_utilization_routed.rpt
| Design            : system_wrapper
| Device            : xck26-sfvc784
| Speed File        : -2LV  PRODUCTION 1.29 08-03-2020
| Temperature Grade : C
| Design State      : Routed
-------------------------------------------------------------------------------------------------

Clock Utilization Report

Table of Contents
-----------------
1. Clock Primitive Utilization
2. Global Clock Resources
3. Global Clock Source Details
4. Local Clock Details
5. Clock Regions : Clock Primitives
6. Clock Regions : Load Primitives
7. Clock Regions : Global Clock Summary
8. Clock Regions : Routing Resource Utilization
9. Device Cell Placement Summary for Global Clock g0
10. Device Cell Placement Summary for Global Clock g1
11. Clock Region Cell Placement per Global Clock: Region X0Y2
12. Clock Region Cell Placement per Global Clock: Region X0Y3
13. Clock Region Cell Placement per Global Clock: Region X1Y3

1. Clock Primitive Utilization
------------------------------

+------------+------+-----------+-----+--------------+--------+
| Type       | Used | Available | LOC | Clock Region | Pblock |
+------------+------+-----------+-----+--------------+--------+
| BUFGCE     |    1 |       112 |   0 |            0 |      0 |
| BUFGCE_DIV |    0 |        16 |   0 |            0 |      0 |
| BUFGCTRL   |    0 |        32 |   0 |            0 |      0 |
| BUFG_GT    |    0 |        96 |   0 |            0 |      0 |
| MMCM       |    1 |         4 |   0 |            0 |      0 |
| PLL        |    0 |         8 |   0 |            0 |      0 |
+------------+------+-----------+-----+--------------+--------+


2. Global Clock Resources
-------------------------

+-----------+-----------+-----------------+------------+---------------+--------------+------+-------------------+-------------------+-------------+-----------------+--------------+-----------------------------+-------------------------------------------------------+--------------------------------+
| Global Id | Source Id | Driver Type/Pin | Constraint | Site          | Clock Region | Root | Clock Delay Group | Load Clock Region | Clock Loads | Non-Clock Loads | Clock Period | Clock                       | Driver Pin                                            | Net                            |
+-----------+-----------+-----------------+------------+---------------+--------------+------+-------------------+-------------------+-------------+-----------------+--------------+-----------------------------+-------------------------------------------------------+--------------------------------+
| g0        | src0      | BUFGCE/O        | None       | BUFGCE_X0Y76  | X1Y3         | X0Y3 |                   |                 3 |        1429 |               0 |        5.000 | clk_out1_system_clk_wiz_0_0 | system_i/clk_wiz/inst/clkout1_buf/O                   | system_i/clk_wiz/inst/clk_out1 |
| g1        | src1      | BUFG_PS/O       | None       | BUFG_PS_X0Y81 | X0Y3         | X1Y3 | n/a               |                 1 |           0 |               1 |       10.000 | clk_pl_0                    | system_i/zynq_ps/inst/buffer_pl_clk_0.PL_CLK_0_BUFG/O | system_i/zynq_ps/inst/pl_clk0  |
+-----------+-----------+-----------------+------------+---------------+--------------+------+-------------------+-------------------+-------------+-----------------+--------------+-----------------------------+-------------------------------------------------------+--------------------------------+
* Clock Loads column represents the clock pin loads (pin count)
** Non-Clock Loads column represents the non-clock pin loads (pin count)


3. Global Clock Source Details
------------------------------

+-----------+-----------+--------------------+------------+-----------+--------------+-------------+-----------------+---------------------+-----------------------------+-----------------------------------------------+---------------------------------------------------+
| Source Id | Global Id | Driver Type/Pin    | Constraint | Site      | Clock Region | Clock Loads | Non-Clock Loads | Source Clock Period | Source Clock                | Driver Pin                                    | Net                                               |
+-----------+-----------+--------------------+------------+-----------+--------------+-------------+-----------------+---------------------+-----------------------------+-----------------------------------------------+---------------------------------------------------+
| src0      | g0        | MMCME4_ADV/CLKOUT0 | None       | MMCM_X0Y3 | X1Y3         |           1 |               0 |               5.000 | clk_out1_system_clk_wiz_0_0 | system_i/clk_wiz/inst/mmcme4_adv_inst/CLKOUT0 | system_i/clk_wiz/inst/clk_out1_system_clk_wiz_0_0 |
| src1      | g1        | PS8/PLCLK[0]       | None       | PS8_X0Y0  | X0Y1         |           1 |               0 |              10.000 | clk_pl_0                    | system_i/zynq_ps/inst/PS8_i/PLCLK[0]          | system_i/zynq_ps/inst/pl_clk_unbuffered[0]        |
+-----------+-----------+--------------------+------------+-----------+--------------+-------------+-----------------+---------------------+-----------------------------+-----------------------------------------------+---------------------------------------------------+
* Clock Loads column represents the clock pin loads (pin count)
** Non-Clock Loads column represents the non-clock pin loads (pin count)


4. Local Clock Details
----------------------

+----------+-----------------+------------+-------------------+--------------+-------------+-----------------+--------------+-------+------------------------------------------------------------+----------------------------------------------+
| Local Id | Driver Type/Pin | Constraint | Site/BEL          | Clock Region | Clock Loads | Non-Clock Loads | Clock Period | Clock | Driver Pin                                                 | Net                                          |
+----------+-----------------+------------+-------------------+--------------+-------------+-----------------+--------------+-------+------------------------------------------------------------+----------------------------------------------||
| 0        | FDRE/Q          | None       | SLICE_X5Y182/FFF2 | X0Y3         |          13 |               1 |              |       | system_i/axi_io/U0/gpio_core_1/Dual.gpio_Data_Out_reg[1]/Q | system_i/axi_io/U0/gpio_core_1/gpio_io_o[11] - Static -
| 1        | FDCE/Q          | None       | SLICE_X7Y178/DFF2 | X0Y2         |          12 |               1 |              |       | system_i/stepper_div/inst/clk_out_reg/Q                    | system_i/stepper_div/inst/clk_out            - Static -
+----------+-----------------+------------+-------------------+--------------+-------------+-----------------+--------------+-------+------------------------------------------------------------+----------------------------------------------||
* Local Clocks in this context represents only clocks driven by non-global buffers
** Clock Loads column represents the clock pin loads (pin count)
*** Non-Clock Loads column represents the non-clock pin loads (pin count)


5. Clock Regions : Clock Primitives
-----------------------------------

+-------------------+---------------+---------------+---------------+---------------+---------------+---------------+---------------+
|                   |  Global Clock |     BUFGCE    |   BUFGCE_DIV  |    BUFGCTRL   |    BUFG_GT    |      MMCM     |      PLL      |
+-------------------+-------+-------+-------+-------+-------+-------+-------+-------+-------+-------+-------+-------+-------+-------+
| Clock Region Name | Used  | Avail | Used  | Avail | Used  | Avail | Used  | Avail | Used  | Avail | Used  | Avail | Used  | Avail |
+-------------------+-------+-------+-------+-------+-------+-------+-------+-------+-------+-------+-------+-------+-------+-------+
| X0Y0              |     0 |    24 |     0 |     4 |     0 |     0 |     0 |     0 |     0 |     0 |     0 |     0 |     0 |     0 |
| X1Y0              |     0 |    24 |     0 |    24 |     0 |     4 |     0 |     8 |     0 |     0 |     0 |     1 |     0 |     2 |
| X2Y0              |     0 |    24 |     0 |     0 |     0 |     0 |     0 |     0 |     0 |    24 |     0 |     0 |     0 |     0 |
| X0Y1              |     0 |    24 |     0 |     4 |     0 |     0 |     0 |     0 |     0 |     0 |     0 |     0 |     0 |     0 |
| X1Y1              |     0 |    24 |     0 |    24 |     0 |     4 |     0 |     8 |     0 |     0 |     0 |     1 |     0 |     2 |
| X2Y1              |     0 |    24 |     0 |     0 |     0 |     0 |     0 |     0 |     0 |    24 |     0 |     0 |     0 |     0 |
| X0Y2              |     1 |    24 |     0 |     4 |     0 |     0 |     0 |     0 |     0 |     0 |     0 |     0 |     0 |     0 |
| X1Y2              |     0 |    24 |     0 |    24 |     0 |     4 |     0 |     8 |     0 |     0 |     0 |     1 |     0 |     2 |
| X2Y2              |     0 |    24 |     0 |     0 |     0 |     0 |     0 |     0 |     0 |    24 |     0 |     0 |     0 |     0 |
| X0Y3              |     1 |    24 |     0 |     4 |     0 |     0 |     0 |     0 |     0 |     0 |     0 |     0 |     0 |     0 |
| X1Y3              |     1 |    24 |     1 |    24 |     0 |     4 |     0 |     8 |     0 |     0 |     1 |     1 |     0 |     2 |
| X2Y3              |     0 |    24 |     0 |     0 |     0 |     0 |     0 |     0 |     0 |    24 |     0 |     0 |     0 |     0 |
+-------------------+-------+-------+-------+-------+-------+-------+-------+-------+-------+-------+-------+-------+-------+-------+
* Global Clock column represents track count; while other columns represents cell counts


6. Clock Regions : Load Primitives
----------------------------------

+-------------------+------------------+------------------+------------------+------------------+------------------+------------------+------------------+------------------+
|                   |   Global Clock   |        FF        |      LUTRAM      |  Block RAM (18K) |       URAM       |        DSP       |        GT        |      HARD IP     |
+-------------------+--------+---------+--------+---------+--------+---------+--------+---------+--------+---------+--------+---------+--------+---------+--------+---------+
| Clock Region Name | Used   | Avail   | Used   | Avail   | Used   | Avail   | Used   | Avail   | Used   | Avail   | Used   | Avail   | Used   | Avail   | Used   | Avail   |
+-------------------+--------+---------+--------+---------+--------+---------+--------+---------+--------+---------+--------+---------+--------+---------+--------+---------+
| X0Y0              |      0 |      24 |      0 |   22080 |      0 |    6240 |      0 |       0 |      0 |       0 |      0 |     144 |      0 |       0 |      0 |       0 |
| X1Y0              |      0 |      24 |      0 |   17280 |      0 |    5280 |      0 |      24 |      0 |       0 |      0 |     144 |      0 |       0 |      0 |       0 |
| X2Y0              |      0 |      24 |      0 |   19200 |      0 |    2880 |      0 |      48 |      0 |      16 |      0 |      24 |      0 |       4 |      0 |       1 |
| X0Y1              |      0 |      24 |      0 |   22080 |      0 |    6240 |      0 |       0 |      0 |       0 |      0 |     144 |      0 |       0 |      0 |       0 |
| X1Y1              |      0 |      24 |      0 |   17280 |      0 |    5280 |      0 |      24 |      0 |       0 |      0 |     144 |      0 |       0 |      0 |       0 |
| X2Y1              |      0 |      24 |      0 |   19200 |      0 |    2880 |      0 |      48 |      0 |      16 |      0 |      24 |      0 |       4 |      0 |       1 |
| X0Y2              |      1 |      24 |    432 |   22080 |     18 |    6240 |      0 |       0 |      0 |       0 |      0 |     144 |      0 |       0 |      0 |       0 |
| X1Y2              |      0 |      24 |      0 |   17280 |      0 |    5280 |      0 |      24 |      0 |       0 |      0 |     144 |      0 |       0 |      0 |       0 |
| X2Y2              |      0 |      24 |      0 |   19200 |      0 |    2880 |      0 |      48 |      0 |      16 |      0 |      24 |      0 |       4 |      0 |       0 |
| X0Y3              |      1 |      24 |    925 |   22080 |     78 |    6240 |      0 |       0 |      0 |       0 |      0 |     144 |      0 |       0 |      0 |       0 |
| X1Y3              |      1 |      24 |      0 |   17280 |      0 |    5280 |      0 |      24 |      0 |       0 |      0 |     144 |      0 |       0 |      0 |       0 |
| X2Y3              |      0 |      24 |      0 |   19200 |      0 |    2880 |      0 |      48 |      0 |      16 |      0 |      24 |      0 |       4 |      0 |       0 |
+-------------------+--------+---------+--------+---------+--------+---------+--------+---------+--------+---------+--------+---------+--------+---------+--------+---------+
* Global Clock column represents track count; while other columns represents cell counts


7. Clock Regions : Global Clock Summary
---------------------------------------

All Modules
+----+----+----+----+
|    | X0 | X1 | X2 |
+----+----+----+----+
| Y3 |  2 |  2 |  0 |
| Y2 |  1 |  0 |  0 |
| Y1 |  0 |  0 |  0 |
| Y0 |  0 |  0 |  0 |
+----+----+----+----+


8. Clock Regions : Routing Resource Utilization
-----------------------------------------------

All Modules
+-------------------+----------------------+----------------------+----------------------+----------------------+
|                   |        HROUTES       |        HDISTRS       |        VROUTES       |        VDISTRS       |
+-------------------+------+-------+-------+------+-------+-------+------+-------+-------+------+-------+-------+
| Clock Region Name | Used | Avail | Util% | Used | Avail | Util% | Used | Avail | Util% | Used | Avail | Util% |
+-------------------+------+-------+-------+------+-------+-------+------+-------+-------+------+-------+-------+
| X0Y0              |    0 |    24 |  0.00 |    0 |    24 |  0.00 |    0 |    24 |  0.00 |    0 |    24 |  0.00 |
| X1Y0              |    0 |    24 |  0.00 |    0 |    24 |  0.00 |    0 |    24 |  0.00 |    0 |    24 |  0.00 |
| X2Y0              |    0 |    24 |  0.00 |    0 |    24 |  0.00 |    0 |    24 |  0.00 |    0 |    24 |  0.00 |
| X0Y1              |    0 |    24 |  0.00 |    0 |    24 |  0.00 |    0 |    24 |  0.00 |    0 |    24 |  0.00 |
| X1Y1              |    0 |    24 |  0.00 |    0 |    24 |  0.00 |    0 |    24 |  0.00 |    0 |    24 |  0.00 |
| X2Y1              |    0 |    24 |  0.00 |    0 |    24 |  0.00 |    0 |    24 |  0.00 |    0 |    24 |  0.00 |
| X0Y2              |    0 |    24 |  0.00 |    1 |    24 |  4.17 |    0 |    24 |  0.00 |    1 |    24 |  4.17 |
| X1Y2              |    0 |    24 |  0.00 |    0 |    24 |  0.00 |    0 |    24 |  0.00 |    0 |    24 |  0.00 |
| X2Y2              |    0 |    24 |  0.00 |    0 |    24 |  0.00 |    0 |    24 |  0.00 |    0 |    24 |  0.00 |
| X0Y3              |    4 |    24 | 16.67 |    1 |    24 |  4.17 |    0 |    24 |  0.00 |    1 |    24 |  4.17 |
| X1Y3              |    3 |    24 | 12.50 |    1 |    24 |  4.17 |    0 |    24 |  0.00 |    1 |    24 |  4.17 |
| X2Y3              |    0 |    24 |  0.00 |    0 |    24 |  0.00 |    0 |    24 |  0.00 |    0 |    24 |  0.00 |
+-------------------+------+-------+-------+------+-------+-------+------+-------+-------+------+-------+-------+


9. Device Cell Placement Summary for Global Clock g0
----------------------------------------------------

+-----------+-----------------+-------------------+-----------------------------+-------------+---------------+----------+-------------+----------+----------------+----------+--------------------------------+
| Global Id | Driver Type/Pin | Driver Region (D) | Clock                       | Period (ns) | Waveform (ns) | Root (R) | Slice Loads | IO Loads | Clocking Loads | GT Loads | Net                            |
+-----------+-----------------+-------------------+-----------------------------+-------------+---------------+----------+-------------+----------+----------------+----------+--------------------------------+
| g0        | BUFGCE/O        | X1Y3              | clk_out1_system_clk_wiz_0_0 |       5.000 | {0.000 2.500} | X0Y3     |        1429 |        0 |              0 |        0 | system_i/clk_wiz/inst/clk_out1 |
+-----------+-----------------+-------------------+-----------------------------+-------------+---------------+----------+-------------+----------+----------------+----------+--------------------------------+
* Slice Loads column represents load cell count of all cell types other than IO, GT and clock resources
** IO Loads column represents load cell count of IO types
*** Clocking Loads column represents load cell count that are clock resources (global clock buffer, MMCM, PLL, etc)
**** GT Loads column represents load cell count of GT types


+----+----------+--------+----+-----------------------+
|    | X0       | X1     | X2 | HORIZONTAL PROG DELAY |
+----+----------+--------+----+-----------------------+
| Y3 | (R) 1003 |  (D) 0 |  0 |                     1 |
| Y2 |      425 |      0 |  0 |                     0 |
| Y1 |        1 |      0 |  0 |                     0 |
| Y0 |        0 |      0 |  0 |                     0 |
+----+----------+--------+----+-----------------------+


10. Device Cell Placement Summary for Global Clock g1
-----------------------------------------------------

+-----------+-----------------+-------------------+----------+-------------+---------------+----------+-------------+----------+----------------+----------+-------------------------------+
| Global Id | Driver Type/Pin | Driver Region (D) | Clock    | Period (ns) | Waveform (ns) | Root (R) | Slice Loads | IO Loads | Clocking Loads | GT Loads | Net                           |
+-----------+-----------------+-------------------+----------+-------------+---------------+----------+-------------+----------+----------------+----------+-------------------------------+
| g1        | BUFG_PS/O       | X0Y3              | clk_pl_0 |      10.000 | {0.000 5.000} | X1Y3     |           0 |        0 |              1 |        0 | system_i/zynq_ps/inst/pl_clk0 |
+-----------+-----------------+-------------------+----------+-------------+---------------+----------+-------------+----------+----------------+----------+-------------------------------+
* Slice Loads column represents load cell count of all cell types other than IO, GT and clock resources
** IO Loads column represents load cell count of IO types
*** Clocking Loads column represents load cell count that are clock resources (global clock buffer, MMCM, PLL, etc)
**** GT Loads column represents load cell count of GT types


+----+--------+-------+----+-----------------------+
|    | X0     | X1    | X2 | HORIZONTAL PROG DELAY |
+----+--------+-------+----+-----------------------+
| Y3 |  (D) 0 | (R) 1 |  0 |                     0 |
| Y2 |      0 |     0 |  0 |                     0 |
| Y1 |      0 |     0 |  0 |                     0 |
| Y0 |      0 |     0 |  0 |                     0 |
+----+--------+-------+----+-----------------------+


11. Clock Region Cell Placement per Global Clock: Region X0Y2
-------------------------------------------------------------

+-----------+-------+-----------------+------------+-------------+-----------------+-----+--------+------+------+-----+----+------+-----+---------+--------------------------------+
| Global Id | Track | Driver Type/Pin | Constraint | Clock Loads | Non-Clock Loads | FF  | LUTRAM | RAMB | URAM | DSP | GT | MMCM | PLL | Hard IP | Net                            |
+-----------+-------+-----------------+------------+-------------+-----------------+-----+--------+------+------+-----+----+------+-----+---------+--------------------------------+
| g0        | 4     | BUFGCE/O        | None       |         425 |               0 | 407 |     18 |    0 |    0 |   0 |  0 |    0 |   0 |       0 | system_i/clk_wiz/inst/clk_out1 |
+-----------+-------+-----------------+------------+-------------+-----------------+-----+--------+------+------+-----+----+------+-----+---------+--------------------------------+
* Clock Loads column represents the clock pin loads (pin count)
** Non-Clock Loads column represents the non-clock pin loads (pin count)
*** Columns FF, LUTRAM, RAMB through 'Hard IP' represents load cell counts


12. Clock Region Cell Placement per Global Clock: Region X0Y3
-------------------------------------------------------------

+-----------+-------+-----------------+------------+-------------+-----------------+-----+--------+------+------+-----+----+------+-----+---------+--------------------------------+
| Global Id | Track | Driver Type/Pin | Constraint | Clock Loads | Non-Clock Loads | FF  | LUTRAM | RAMB | URAM | DSP | GT | MMCM | PLL | Hard IP | Net                            |
+-----------+-------+-----------------+------------+-------------+-----------------+-----+--------+------+------+-----+----+------+-----+---------+--------------------------------+
| g0        | 4     | BUFGCE/O        | None       |        1003 |               0 | 925 |     78 |    0 |    0 |   0 |  0 |    0 |   0 |       0 | system_i/clk_wiz/inst/clk_out1 |
| g1+       | 9     | BUFG_PS/O       | None       |           0 |               0 |   0 |      0 |    0 |    0 |   0 |  0 |    0 |   0 |       0 | system_i/zynq_ps/inst/pl_clk0  |
+-----------+-------+-----------------+------------+-------------+-----------------+-----+--------+------+------+-----+----+------+-----+---------+--------------------------------+
* Clock Loads column represents the clock pin loads (pin count)
** Non-Clock Loads column represents the non-clock pin loads (pin count)
*** Columns FF, LUTRAM, RAMB through 'Hard IP' represents load cell counts
**** In Global Id column, sympbol '+' indicates that global clock was used only to route through the clock region.


13. Clock Region Cell Placement per Global Clock: Region X1Y3
-------------------------------------------------------------

+-----------+-------+-----------------+------------+-------------+-----------------+----+--------+------+------+-----+----+------+-----+---------+--------------------------------+
| Global Id | Track | Driver Type/Pin | Constraint | Clock Loads | Non-Clock Loads | FF | LUTRAM | RAMB | URAM | DSP | GT | MMCM | PLL | Hard IP | Net                            |
+-----------+-------+-----------------+------------+-------------+-----------------+----+--------+------+------+-----+----+------+-----+---------+--------------------------------+
| g0+       | 4     | BUFGCE/O        | None       |           0 |               0 |  0 |      0 |    0 |    0 |   0 |  0 |    0 |   0 |       0 | system_i/clk_wiz/inst/clk_out1 |
| g1        | 9     | BUFG_PS/O       | None       |           0 |               1 |  0 |      0 |    0 |    0 |   0 |  0 |    1 |   0 |       0 | system_i/zynq_ps/inst/pl_clk0  |
+-----------+-------+-----------------+------------+-------------+-----------------+----+--------+------+------+-----+----+------+-----+---------+--------------------------------+
* Clock Loads column represents the clock pin loads (pin count)
** Non-Clock Loads column represents the non-clock pin loads (pin count)
*** Columns FF, LUTRAM, RAMB through 'Hard IP' represents load cell counts
**** In Global Id column, sympbol '+' indicates that global clock was used only to route through the clock region.


