Copyright 1986-2021 Xilinx, Inc. All Rights Reserved.
-------------------------------------------------------------------------------------------
| Tool Version : Vivado v.2021.1 (lin64) Build 3247384 Thu Jun 10 19:36:07 MDT 2021
| Date         : Sun Jan 16 14:08:27 2022
| Host         : PC running 64-bit Ubuntu 20.04.3 LTS
| Command      : report_control_sets -verbose -file system_wrapper_control_sets_placed.rpt
| Design       : system_wrapper
| Device       : xck26
-------------------------------------------------------------------------------------------

Control Set Information

Table of Contents
-----------------
1. Summary
2. Histogram
3. Flip-Flop Distribution
4. Detailed Control Set Information

1. Summary
----------

+----------------------------------------------------------+-------+
|                          Status                          | Count |
+----------------------------------------------------------+-------+
| Total control sets                                       |   118 |
|    Minimum number of control sets                        |   118 |
|    Addition due to synthesis replication                 |     0 |
|    Addition due to physical synthesis replication        |     0 |
| Unused register locations in slices containing registers |   162 |
+----------------------------------------------------------+-------+
* Control sets can be merged at opt_design using control_set_merge or merge_equivalent_drivers
** Run report_qor_suggestions for automated merging and remapping suggestions


2. Histogram
------------

+--------------------+-------+
|       Fanout       | Count |
+--------------------+-------+
| Total control sets |   118 |
| >= 0 to < 4        |    27 |
| >= 4 to < 6        |    20 |
| >= 6 to < 8        |     7 |
| >= 8 to < 10       |    16 |
| >= 10 to < 12      |    15 |
| >= 12 to < 14      |     4 |
| >= 14 to < 16      |     1 |
| >= 16              |    28 |
+--------------------+-------+
* Control sets can be remapped at either synth_design or opt_design


3. Flip-Flop Distribution
-------------------------

+--------------+-----------------------+------------------------+-----------------+--------------+
| Clock Enable | Synchronous Set/Reset | Asynchronous Set/Reset | Total Registers | Total Slices |
+--------------+-----------------------+------------------------+-----------------+--------------+
| No           | No                    | No                     |             208 |           77 |
| No           | No                    | Yes                    |              67 |           18 |
| No           | Yes                   | No                     |             245 |           89 |
| Yes          | No                    | No                     |             590 |          109 |
| Yes          | No                    | Yes                    |              41 |            7 |
| Yes          | Yes                   | No                     |             403 |          109 |
+--------------+-----------------------+------------------------+-----------------+--------------+


4. Detailed Control Set Information
-----------------------------------

+------------------------------------------------------------------+-------------------------------------------------------------------------------------------------------------------------------------------------+-------------------------------------------------------------------------------------------------------------------------+------------------+----------------+--------------+
|                           Clock Signal                           |                                                                  Enable Signal                                                                  |                                                     Set/Reset Signal                                                    | Slice Load Count | Bel Load Count | Bels / Slice |
+------------------------------------------------------------------+-------------------------------------------------------------------------------------------------------------------------------------------------+-------------------------------------------------------------------------------------------------------------------------+------------------+----------------+--------------+
| ~system_i/stepper_div/inst/clk_out                               |                                                                                                                                                 |                                                                                                                         |                1 |              1 |         1.00 |
|  system_i/system_management_wiz_0/inst/AXI_SYSMON_CORE_I/eos_out |                                                                                                                                                 |                                                                                                                         |                1 |              1 |         1.00 |
|  system_i/clk_wiz/inst/clk_out1                                  | system_i/system_management_wiz_0/inst/AXI_SYSMON_CORE_I/temperature_update_inst/den_o_reg_1                                                     | system_i/system_management_wiz_0/inst/bus2ip_reset_active_high                                                          |                1 |              1 |         1.00 |
|  system_i/clk_wiz/inst/clk_out1                                  | system_i/axi_i2c/U0/X_IIC/REG_INTERFACE_I/p_3_in                                                                                                | system_i/axi_i2c/U0/X_IIC/REG_INTERFACE_I/Tx_fifo_rst                                                                   |                1 |              1 |         1.00 |
|  system_i/clk_wiz/inst/clk_out1                                  | system_i/axi_i2c/U0/X_IIC/X_AXI_IPIF_SSP1/AXI_LITE_IPIF_I/I_SLAVE_ATTACHMENT/s_axi_rresp_i                                                      | system_i/axi_intc/U0/AXI_LITE_IPIF_I/I_SLAVE_ATTACHMENT/rst                                                             |                1 |              1 |         1.00 |
|  system_i/clk_wiz/inst/clk_out1                                  | system_i/axi_inter/s00_couplers/auto_pc/inst/gen_axilite.gen_b2s_conv.axilite_b2s/WR.b_channel_0/bresp_fifo_0/E[0]                              | system_i/axi_inter/s00_couplers/auto_pc/inst/gen_axilite.gen_b2s_conv.axilite_b2s/WR.b_channel_0/bid_fifo_0/SR[0]       |                1 |              2 |         2.00 |
|  system_i/clk_wiz/inst/clk_out1                                  | system_i/axi_i2c/U0/X_IIC/WRITE_FIFO_CTRL_I/CI                                                                                                  |                                                                                                                         |                1 |              2 |         2.00 |
|  system_i/clk_wiz/inst/clk_out1                                  | system_i/axi_intc/U0/AXI_LITE_IPIF_I/I_SLAVE_ATTACHMENT/is_read_i_1_n_0                                                                         | system_i/axi_intc/U0/AXI_LITE_IPIF_I/I_SLAVE_ATTACHMENT/rst                                                             |                1 |              2 |         2.00 |
|  system_i/clk_wiz/inst/clk_out1                                  | system_i/axi_io/U0/AXI_LITE_IPIF_I/I_SLAVE_ATTACHMENT/is_read_i_1_n_0                                                                           | system_i/axi_intc/U0/AXI_LITE_IPIF_I/I_SLAVE_ATTACHMENT/rst                                                             |                1 |              2 |         2.00 |
|  system_i/clk_wiz/inst/clk_out1                                  |                                                                                                                                                 | system_i/axi_inter1/xbar/inst/gen_sasd.crossbar_sasd_0/addr_arbiter_inst/s_arvalid_reg                                  |                1 |              2 |         2.00 |
|  system_i/clk_wiz/inst/clk_out1                                  |                                                                                                                                                 | system_i/axi_inter1/xbar/inst/gen_sasd.crossbar_sasd_0/addr_arbiter_inst/SR[0]                                          |                1 |              2 |         2.00 |
|  system_i/clk_wiz/inst/clk_out1                                  |                                                                                                                                                 | system_i/axi_inter1/xbar/inst/gen_sasd.crossbar_sasd_0/addr_arbiter_inst/aresetn_d_reg[0]                               |                2 |              2 |         1.00 |
|  system_i/clk_wiz/inst/clk_out1                                  | system_i/axi_io/U0/AXI_LITE_IPIF_I/I_SLAVE_ATTACHMENT/s_axi_rresp_i                                                                             | system_i/axi_intc/U0/AXI_LITE_IPIF_I/I_SLAVE_ATTACHMENT/rst                                                             |                2 |              2 |         1.00 |
|  system_i/clk_wiz/inst/clk_out1                                  | system_i/axi_inter/s00_couplers/auto_pc/inst/gen_axilite.gen_b2s_conv.axilite_b2s/WR.b_channel_0/bid_fifo_0/bresp_push                          |                                                                                                                         |                1 |              2 |         2.00 |
|  system_i/clk_wiz/inst/clk_out1                                  | system_i/axi_inter1/s00_mmu/inst/register_slice_inst/aw.aw_pipe/m_payload_i_reg[40]_1[0]                                                        | system_i/axi_inter1/s00_mmu/inst/p_0_in_0                                                                               |                1 |              2 |         2.00 |
|  system_i/clk_wiz/inst/clk_out1                                  |                                                                                                                                                 | system_i/axi_inter1/s00_mmu/inst/aresetn_d_reg_n_0_[0]                                                                  |                2 |              2 |         1.00 |
|  system_i/clk_wiz/inst/clk_out1                                  | system_i/axi_i2c/U0/X_IIC/X_AXI_IPIF_SSP1/AXI_LITE_IPIF_I/I_SLAVE_ATTACHMENT/is_read_i_1_n_0                                                    | system_i/axi_intc/U0/AXI_LITE_IPIF_I/I_SLAVE_ATTACHMENT/rst                                                             |                1 |              2 |         2.00 |
|  system_i/clk_wiz/inst/clk_out1                                  | system_i/axi_inter1/s00_mmu/inst/register_slice_inst/ar.ar_pipe/E[0]                                                                            | system_i/axi_inter1/s00_mmu/inst/p_0_in_0                                                                               |                1 |              2 |         2.00 |
|  system_i/clk_wiz/inst/clk_out1                                  |                                                                                                                                                 | system_i/axi_i2c/U0/X_IIC/IIC_CONTROL_I/detect_stop_i_1_n_0                                                             |                2 |              2 |         1.00 |
|  system_i/clk_wiz/inst/clk_out1                                  | system_i/axi_inter/s00_couplers/auto_pc/inst/gen_axilite.gen_b2s_conv.axilite_b2s/WR.b_channel_0/bid_fifo_0/cnt_read[1]_i_1_n_0                 | system_i/axi_inter/s00_couplers/auto_pc/inst/gen_axilite.gen_b2s_conv.axilite_b2s/areset_d1                             |                2 |              2 |         1.00 |
|  system_i/clk_wiz/inst/clk_out1                                  | system_i/axi_inter/s00_couplers/auto_pc/inst/gen_axilite.gen_b2s_conv.axilite_b2s/WR.b_channel_0/bid_fifo_0/E[0]                                | system_i/axi_inter/s00_couplers/auto_pc/inst/gen_axilite.gen_b2s_conv.axilite_b2s/areset_d1                             |                1 |              2 |         2.00 |
|  system_i/clk_wiz/inst/clk_out1                                  |                                                                                                                                                 | system_i/axi_i2c/U0/X_IIC/REG_INTERFACE_I/FIFO_GEN_DTR.Tx_fifo_rst_reg_0                                                |                1 |              2 |         2.00 |
|  system_i/clk_wiz/inst/clk_out1                                  |                                                                                                                                                 | system_i/axi_intc/U0/INTC_CORE_I/REG_GEN[0].ier[0]_i_1_n_0                                                              |                2 |              2 |         1.00 |
|  system_i/clk_wiz/inst/clk_out1                                  |                                                                                                                                                 | system_i/axi_inter1/xbar/inst/gen_sasd.crossbar_sasd_0/addr_arbiter_inst/m_ready_d_reg[1][0]                            |                2 |              3 |         1.50 |
|  system_i/clk_wiz/inst/clk_out1                                  | system_i/axi_io/U0/AXI_LITE_IPIF_I/I_SLAVE_ATTACHMENT/I_DECODER/bus2ip_rnw_i_reg[0]                                                             | system_i/axi_i2c/U0/X_IIC/X_AXI_IPIF_SSP1/AXI_LITE_IPIF_I/I_SLAVE_ATTACHMENT/rst                                        |                1 |              3 |         3.00 |
|  system_i/clk_wiz/inst/clk_out1                                  | system_i/axi_i2c/U0/X_IIC/IIC_CONTROL_I/BITCNT/E[0]                                                                                             | system_i/axi_i2c/U0/X_IIC/IIC_CONTROL_I/state0                                                                          |                2 |              3 |         1.50 |
|  system_i/clk_wiz/inst/clk_out1                                  |                                                                                                                                                 | system_i/axi_intc/U0/INTC_CORE_I/REG_GEN[0].IAR_NORMAL_MODE_GEN.iar[0]_i_1_n_0                                          |                2 |              3 |         1.50 |
|  system_i/clk_wiz/inst/clk_out1                                  | system_i/axi_i2c/U0/X_IIC/IIC_CONTROL_I/BITCNT/q_int[0]_i_1__1_n_0                                                                              | system_i/axi_i2c/U0/X_IIC/REG_INTERFACE_I/Q[0]                                                                          |                1 |              4 |         4.00 |
|  system_i/clk_wiz/inst/clk_out1                                  | system_i/axi_io/U0/AXI_LITE_IPIF_I/I_SLAVE_ATTACHMENT/start2                                                                                    | system_i/axi_io/U0/AXI_LITE_IPIF_I/I_SLAVE_ATTACHMENT/I_DECODER/cs_ce_clr                                               |                1 |              4 |         4.00 |
|  system_i/axi_io/U0/gpio_core_1/gpio_io_o[11]                    |                                                                                                                                                 |                                                                                                                         |                2 |              4 |         2.00 |
|  system_i/clk_wiz/inst/clk_out1                                  | system_i/axi_io/U0/AXI_LITE_IPIF_I/I_SLAVE_ATTACHMENT/bus2ip_addr_i[8]_i_1_n_0                                                                  | system_i/axi_i2c/U0/X_IIC/X_AXI_IPIF_SSP1/AXI_LITE_IPIF_I/I_SLAVE_ATTACHMENT/rst                                        |                2 |              4 |         2.00 |
|  system_i/clk_wiz/inst/clk_out1                                  | system_i/axi_i2c/U0/X_IIC/X_AXI_IPIF_SSP1/AXI_LITE_IPIF_I/I_SLAVE_ATTACHMENT/I_DECODER/Bus2IIC_WrCE[8]                                          | system_i/axi_i2c/U0/X_IIC/X_AXI_IPIF_SSP1/X_SOFT_RESET/SR[0]                                                            |                2 |              4 |         2.00 |
|  system_i/clk_wiz/inst/clk_out1                                  | system_i/system_management_wiz_0/inst/AXI_SYSMON_CORE_I/temperature_update_inst/FSM_onehot_state[3]_i_1_n_0                                     | system_i/system_management_wiz_0/inst/bus2ip_reset_active_high                                                          |                1 |              4 |         4.00 |
|  system_i/clk_wiz/inst/clk_out1                                  | system_i/axi_i2c/U0/X_IIC/WRITE_FIFO_CTRL_I/Data_Exists_DFF_0                                                                                   | system_i/axi_i2c/U0/X_IIC/REG_INTERFACE_I/Tx_fifo_rst                                                                   |                1 |              4 |         4.00 |
|  system_i/clk_wiz/inst/clk_out1                                  | system_i/axi_i2c/U0/X_IIC/READ_FIFO_I/Rc_Data_Exists                                                                                            | system_i/axi_i2c/U0/X_IIC/X_AXI_IPIF_SSP1/X_SOFT_RESET/SR[0]                                                            |                1 |              4 |         4.00 |
|  system_i/clk_wiz/inst/clk_out1                                  | system_i/axi_i2c/U0/X_IIC/WRITE_FIFO_I/Tx_data_exists_sgl                                                                                       | system_i/axi_i2c/U0/X_IIC/REG_INTERFACE_I/Tx_fifo_rst                                                                   |                1 |              4 |         4.00 |
|  system_i/clk_wiz/inst/clk_out1                                  |                                                                                                                                                 | system_i/axi_io/U0/AXI_LITE_IPIF_I/I_SLAVE_ATTACHMENT/clear                                                             |                1 |              4 |         4.00 |
|  system_i/clk_wiz/inst/clk_out1                                  |                                                                                                                                                 | system_i/axi_inter/s00_couplers/auto_pc/inst/gen_axilite.gen_b2s_conv.axilite_b2s/SI_REG/b.b_pipe/aresetn_d_reg_n_0_[1] |                4 |              4 |         1.00 |
|  system_i/clk_wiz/inst/clk_out1                                  |                                                                                                                                                 | system_i/axi_intc/U0/AXI_LITE_IPIF_I/I_SLAVE_ATTACHMENT/clear                                                           |                1 |              4 |         4.00 |
|  system_i/clk_wiz/inst/clk_out1                                  |                                                                                                                                                 | system_i/axi_inter/s00_couplers/auto_pc/inst/gen_axilite.gen_b2s_conv.axilite_b2s/SI_REG/ar.ar_pipe/aresetn_d_reg[0]_1  |                3 |              4 |         1.33 |
|  system_i/clk_wiz/inst/clk_out1                                  | system_i/axi_intc/U0/AXI_LITE_IPIF_I/I_SLAVE_ATTACHMENT/s_axi_rresp_i                                                                           | system_i/axi_intc/U0/AXI_LITE_IPIF_I/I_SLAVE_ATTACHMENT/rst                                                             |                2 |              4 |         2.00 |
|  system_i/clk_wiz/inst/clk_out1                                  |                                                                                                                                                 | system_i/axi_i2c/U0/X_IIC/X_AXI_IPIF_SSP1/AXI_LITE_IPIF_I/I_SLAVE_ATTACHMENT/INCLUDE_DPHASE_TIMER.dpto_cnt[3]_i_1_n_0   |                1 |              4 |         4.00 |
|  system_i/clk_wiz/inst/clk_out1                                  |                                                                                                                                                 | system_i/sys_ret200/U0/EXT_LPF/lpf_int                                                                                  |                3 |              4 |         1.33 |
|  system_i/clk_wiz/inst/clk_out1                                  | system_i/axi_i2c/U0/X_IIC/X_AXI_IPIF_SSP1/AXI_LITE_IPIF_I/I_SLAVE_ATTACHMENT/I_DECODER/Bus2IIC_WrCE[11]                                         | system_i/axi_i2c/U0/X_IIC/X_AXI_IPIF_SSP1/X_SOFT_RESET/SR[0]                                                            |                3 |              5 |         1.67 |
|  system_i/clk_wiz/inst/clk_out1                                  | system_i/axi_inter/s00_couplers/auto_pc/inst/gen_axilite.gen_b2s_conv.axilite_b2s/RD.r_channel_0/transaction_fifo_0/cnt_read[4]_i_1_n_0         | system_i/axi_inter/s00_couplers/auto_pc/inst/gen_axilite.gen_b2s_conv.axilite_b2s/areset_d1                             |                2 |              5 |         2.50 |
|  system_i/clk_wiz/inst/clk_out1                                  |                                                                                                                                                 | system_i/axi_inter1/s00_mmu/inst/p_0_in_0                                                                               |                4 |              5 |         1.25 |
|  system_i/clk_wiz/inst/clk_out1                                  | system_i/axi_inter/s00_couplers/auto_pc/inst/gen_axilite.gen_b2s_conv.axilite_b2s/RD.r_channel_0/rd_data_fifo_0/cnt_read[4]_i_1__0_n_0          | system_i/axi_inter/s00_couplers/auto_pc/inst/gen_axilite.gen_b2s_conv.axilite_b2s/areset_d1                             |                3 |              5 |         1.67 |
|  system_i/clk_wiz/inst/clk_out1                                  | system_i/axi_inter1/s00_mmu/inst/register_slice_inst/aw.aw_pipe/cnt_read_reg[1][0]                                                              | system_i/axi_inter1/s00_mmu/inst/p_0_in_0                                                                               |                2 |              6 |         3.00 |
|  system_i/clk_wiz/inst/clk_out1                                  |                                                                                                                                                 | system_i/axi_i2c/U0/X_IIC/REG_INTERFACE_I/Tx_fifo_rst                                                                   |                3 |              6 |         2.00 |
|  system_i/clk_wiz/inst/clk_out1                                  | system_i/sys_ret200/U0/SEQ/seq_cnt_en                                                                                                           | system_i/sys_ret200/U0/SEQ/seq_clr                                                                                      |                1 |              6 |         6.00 |
|  system_i/clk_wiz/inst/clk_out1                                  |                                                                                                                                                 | system_i/axi_inter/s00_couplers/auto_pc/inst/gen_axilite.gen_b2s_conv.axilite_b2s/areset_d1                             |                3 |              6 |         2.00 |
|  system_i/clk_wiz/inst/clk_out1                                  | system_i/axi_inter1/s00_mmu/inst/gen_write.w_cnt[5]_i_1_n_0                                                                                     | system_i/axi_inter1/s00_mmu/inst/p_0_in_0                                                                               |                1 |              6 |         6.00 |
|  system_i/clk_wiz/inst/clk_out1                                  | system_i/axi_inter1/s00_mmu/inst/register_slice_inst/ar.ar_pipe/cnt_read_reg[2][0]                                                              | system_i/axi_inter1/s00_mmu/inst/p_0_in_0                                                                               |                1 |              6 |         6.00 |
|  system_i/clk_wiz/inst/clk_out1                                  | system_i/axi_i2c/U0/X_IIC/X_AXI_IPIF_SSP1/AXI_LITE_IPIF_I/I_SLAVE_ATTACHMENT/I_DECODER/Bus2IIC_WrCE[9]                                          | system_i/axi_i2c/U0/X_IIC/X_AXI_IPIF_SSP1/X_SOFT_RESET/SR[0]                                                            |                1 |              7 |         7.00 |
|  system_i/system_management_wiz_0/inst/AXI_SYSMON_CORE_I/eos_out |                                                                                                                                                 | system_i/temp2pwm/inst/pwm[7]_i_1_n_0                                                                                   |                3 |              8 |         2.67 |
|  system_i/clk_wiz/inst/clk_out1                                  | system_i/axi_i2c/U0/X_IIC/WRITE_FIFO_I/CI                                                                                                       |                                                                                                                         |                1 |              8 |         8.00 |
|  system_i/clk_wiz/inst/clk_out1                                  | system_i/axi_intc/U0/AXI_LITE_IPIF_I/I_SLAVE_ATTACHMENT/bus2ip_addr_i[8]_i_1_n_0                                                                | system_i/axi_intc/U0/AXI_LITE_IPIF_I/I_SLAVE_ATTACHMENT/rst                                                             |                2 |              8 |         4.00 |
|  system_i/clk_wiz/inst/clk_out1                                  | system_i/axi_i2c/U0/X_IIC/IIC_CONTROL_I/I2CDATA_REG/data_int[7]_i_1_n_0                                                                         | system_i/axi_i2c/U0/X_IIC/REG_INTERFACE_I/Q[0]                                                                          |                2 |              8 |         4.00 |
|  system_i/clk_wiz/inst/clk_out1                                  | system_i/axi_i2c/U0/X_IIC/IIC_CONTROL_I/data_i2c_i0                                                                                             | system_i/axi_i2c/U0/X_IIC/REG_INTERFACE_I/Q[0]                                                                          |                1 |              8 |         8.00 |
|  system_i/clk_wiz/inst/clk_out1                                  | system_i/axi_i2c/U0/X_IIC/DYN_MASTER_I/rdByteCntr[0]_i_1_n_0                                                                                    | system_i/axi_i2c/U0/X_IIC/REG_INTERFACE_I/Tx_fifo_rst                                                                   |                2 |              8 |         4.00 |
|  system_i/clk_wiz/inst/clk_out1                                  | system_i/axi_i2c/U0/X_IIC/IIC_CONTROL_I/i2c_header_en                                                                                           | system_i/axi_i2c/U0/X_IIC/REG_INTERFACE_I/Q[0]                                                                          |                1 |              8 |         8.00 |
|  system_i/clk_wiz/inst/clk_out1                                  | system_i/axi_inter/s00_couplers/auto_pc/inst/gen_axilite.gen_b2s_conv.axilite_b2s/WR.b_channel_0/mhandshake_r                                   | system_i/axi_inter/s00_couplers/auto_pc/inst/gen_axilite.gen_b2s_conv.axilite_b2s/WR.b_channel_0/bid_fifo_0/SR[0]       |                2 |              8 |         4.00 |
|  system_i/clk_wiz/inst/clk_out1                                  | system_i/axi_i2c/U0/X_IIC/READ_FIFO_I/CI                                                                                                        |                                                                                                                         |                1 |              8 |         8.00 |
|  system_i/clk_wiz/inst/clk_out1                                  | system_i/axi_i2c/U0/X_IIC/X_AXI_IPIF_SSP1/AXI_LITE_IPIF_I/I_SLAVE_ATTACHMENT/I_DECODER/E[0]                                                     | system_i/axi_i2c/U0/X_IIC/X_AXI_IPIF_SSP1/X_SOFT_RESET/SR[0]                                                            |                1 |              8 |         8.00 |
|  system_i/axi_io/U0/gpio_core_1/gpio_io_o[11]                    | system_i/stepper/inst/dir_i_1_n_0                                                                                                               |                                                                                                                         |                6 |              9 |         1.50 |
|  system_i/clk_wiz/inst/clk_out1                                  | system_i/axi_inter/s00_couplers/auto_pc/inst/gen_axilite.gen_b2s_conv.axilite_b2s/WR.aw_channel_0/aw_cmd_fsm_0/FSM_sequential_state_reg[0]_0[0] |                                                                                                                         |                5 |              9 |         1.80 |
|  system_i/clk_wiz/inst/clk_out1                                  | system_i/axi_inter/s00_couplers/auto_pc/inst/gen_axilite.gen_b2s_conv.axilite_b2s/RD.ar_channel_0/ar_cmd_fsm_0/FSM_sequential_state_reg[1]_0[0] |                                                                                                                         |                5 |              9 |         1.80 |
|  system_i/clk_wiz/inst/clk_out1                                  | system_i/axi_inter/s00_couplers/auto_pc/inst/gen_axilite.gen_b2s_conv.axilite_b2s/RD.ar_channel_0/ar_cmd_fsm_0/E[0]                             |                                                                                                                         |                4 |              9 |         2.25 |
|  system_i/clk_wiz/inst/clk_out1                                  | system_i/axi_inter/s00_couplers/auto_pc/inst/gen_axilite.gen_b2s_conv.axilite_b2s/WR.aw_channel_0/aw_cmd_fsm_0/sel_first_reg[0]                 |                                                                                                                         |                5 |              9 |         1.80 |
|  system_i/pwm_div/inst/clk_out                                   |                                                                                                                                                 | system_i/sys_ret200/U0/peripheral_aresetn[0]                                                                            |                3 |              9 |         3.00 |
|  system_i/clk_wiz/inst/clk_out1                                  | system_i/axi_i2c/U0/X_IIC/IIC_CONTROL_I/FSM_onehot_scl_state[9]_i_2_n_0                                                                         | system_i/axi_i2c/U0/X_IIC/REG_INTERFACE_I/Q[0]                                                                          |                6 |             10 |         1.67 |
|  system_i/clk_wiz/inst/clk_out1                                  | system_i/axi_i2c/U0/X_IIC/X_AXI_IPIF_SSP1/AXI_LITE_IPIF_I/I_SLAVE_ATTACHMENT/bus2ip_addr_i[8]_i_1_n_0                                           | system_i/axi_i2c/U0/X_IIC/X_AXI_IPIF_SSP1/AXI_LITE_IPIF_I/I_SLAVE_ATTACHMENT/rst                                        |                5 |             10 |         2.00 |
|  system_i/clk_wiz/inst/clk_out1                                  | system_i/system_management_wiz_0/inst/AXI_SYSMON_CORE_I/Inst_drp_arbiter/E[0]                                                                   | system_i/system_management_wiz_0/inst/bus2ip_reset_active_high                                                          |                2 |             10 |         5.00 |
|  system_i/clk_wiz/inst/clk_out1                                  | system_i/system_management_wiz_0/inst/AXI_SYSMON_CORE_I/Inst_drp_arbiter/do_A_reg[15]_i_1_n_0                                                   | system_i/system_management_wiz_0/inst/bus2ip_reset_active_high                                                          |                2 |             10 |         5.00 |
|  system_i/clk_wiz/inst/clk_out1                                  | system_i/axi_i2c/U0/X_IIC/IIC_CONTROL_I/SETUP_CNT/q_int[0]_i_1_n_0                                                                              | system_i/axi_i2c/U0/X_IIC/REG_INTERFACE_I/Q[0]                                                                          |                5 |             11 |         2.20 |
|  system_i/clk_wiz/inst/clk_out1                                  | system_i/axi_i2c/U0/X_IIC/X_AXI_IPIF_SSP1/AXI_LITE_IPIF_I/I_SLAVE_ATTACHMENT/I_DECODER/Bus2IIC_WrCE[0]                                          | system_i/axi_i2c/U0/X_IIC/X_AXI_IPIF_SSP1/X_SOFT_RESET/SR[0]                                                            |                7 |             11 |         1.57 |
|  system_i/clk_wiz/inst/clk_out1                                  | system_i/axi_i2c/U0/X_IIC/IIC_CONTROL_I/CLKCNT/q_int[0]_i_1__0_n_0                                                                              | system_i/axi_i2c/U0/X_IIC/REG_INTERFACE_I/Q[0]                                                                          |                5 |             11 |         2.20 |
|  system_i/clk_wiz/inst/clk_out1                                  | system_i/axi_i2c/U0/X_IIC/X_AXI_IPIF_SSP1/AXI_LITE_IPIF_I/I_SLAVE_ATTACHMENT/I_DECODER/Bus2IIC_WrCE[6]                                          | system_i/axi_i2c/U0/X_IIC/X_AXI_IPIF_SSP1/X_SOFT_RESET/SR[0]                                                            |                5 |             11 |         2.20 |
|  system_i/clk_wiz/inst/clk_out1                                  | system_i/axi_i2c/U0/X_IIC/X_AXI_IPIF_SSP1/AXI_LITE_IPIF_I/I_SLAVE_ATTACHMENT/I_DECODER/Bus2IIC_WrCE[5]                                          | system_i/axi_i2c/U0/X_IIC/X_AXI_IPIF_SSP1/X_SOFT_RESET/SR[0]                                                            |                5 |             11 |         2.20 |
|  system_i/clk_wiz/inst/clk_out1                                  | system_i/axi_i2c/U0/X_IIC/X_AXI_IPIF_SSP1/AXI_LITE_IPIF_I/I_SLAVE_ATTACHMENT/I_DECODER/Bus2IIC_WrCE[7]                                          | system_i/axi_i2c/U0/X_IIC/X_AXI_IPIF_SSP1/X_SOFT_RESET/SR[0]                                                            |                5 |             11 |         2.20 |
|  system_i/stepper_div/inst/clk_out                               |                                                                                                                                                 |                                                                                                                         |                5 |             11 |         2.20 |
|  system_i/clk_wiz/inst/clk_out1                                  | system_i/axi_i2c/U0/X_IIC/X_AXI_IPIF_SSP1/AXI_LITE_IPIF_I/I_SLAVE_ATTACHMENT/I_DECODER/Bus2IIC_WrCE[4]                                          | system_i/axi_i2c/U0/X_IIC/X_AXI_IPIF_SSP1/X_SOFT_RESET/SR[0]                                                            |                5 |             11 |         2.20 |
|  system_i/clk_wiz/inst/clk_out1                                  | system_i/axi_i2c/U0/X_IIC/X_AXI_IPIF_SSP1/AXI_LITE_IPIF_I/I_SLAVE_ATTACHMENT/I_DECODER/Bus2IIC_WrCE[1]                                          | system_i/axi_i2c/U0/X_IIC/X_AXI_IPIF_SSP1/X_SOFT_RESET/SR[0]                                                            |                7 |             11 |         1.57 |
|  system_i/clk_wiz/inst/clk_out1                                  | system_i/axi_i2c/U0/X_IIC/X_AXI_IPIF_SSP1/AXI_LITE_IPIF_I/I_SLAVE_ATTACHMENT/I_DECODER/Bus2IIC_WrCE[2]                                          | system_i/axi_i2c/U0/X_IIC/X_AXI_IPIF_SSP1/X_SOFT_RESET/SR[0]                                                            |                7 |             11 |         1.57 |
|  system_i/clk_wiz/inst/clk_out1                                  | system_i/axi_i2c/U0/X_IIC/X_AXI_IPIF_SSP1/AXI_LITE_IPIF_I/I_SLAVE_ATTACHMENT/I_DECODER/Bus2IIC_WrCE[3]                                          | system_i/axi_i2c/U0/X_IIC/X_AXI_IPIF_SSP1/X_SOFT_RESET/SR[0]                                                            |                5 |             11 |         2.20 |
|  system_i/clk_wiz/inst/clk_out1                                  | system_i/axi_i2c/U0/X_IIC/X_AXI_IPIF_SSP1/AXI_LITE_IPIF_I/I_SLAVE_ATTACHMENT/s_axi_rresp_i                                                      | system_i/axi_io/U0/AXI_LITE_IPIF_I/I_SLAVE_ATTACHMENT/SR[0]                                                             |                5 |             12 |         2.40 |
|  system_i/clk_wiz/inst/clk_out1                                  | system_i/axi_io/U0/AXI_LITE_IPIF_I/I_SLAVE_ATTACHMENT/s_axi_rresp_i                                                                             | system_i/axi_i2c/U0/X_IIC/X_AXI_IPIF_SSP1/AXI_LITE_IPIF_I/I_SLAVE_ATTACHMENT/rst                                        |                5 |             12 |         2.40 |
|  system_i/clk_wiz/inst/clk_out1                                  |                                                                                                                                                 | system_i/axi_inter1/xbar/inst/gen_sasd.crossbar_sasd_0/aresetn_d                                                        |                5 |             12 |         2.40 |
|  system_i/clk_wiz/inst/clk_out1                                  | system_i/axi_io/U0/AXI_LITE_IPIF_I/I_SLAVE_ATTACHMENT/I_DECODER/E[0]                                                                            | system_i/axi_i2c/U0/X_IIC/X_AXI_IPIF_SSP1/AXI_LITE_IPIF_I/I_SLAVE_ATTACHMENT/rst                                        |                5 |             13 |         2.60 |
|  system_i/clk_wiz/inst/clk_out1                                  | system_i/axi_inter1/xbar/inst/gen_sasd.crossbar_sasd_0/reg_slice_r/aa_rready                                                                    |                                                                                                                         |                9 |             15 |         1.67 |
|  system_i/clk_wiz/inst/clk_out1                                  | system_i/system_management_wiz_0/inst/AXI_SYSMON_CORE_I/Inst_drp_arbiter/di_C_reg[15]_i_1_n_0                                                   | system_i/system_management_wiz_0/inst/bus2ip_reset_active_high                                                          |                3 |             16 |         5.33 |
|  system_i/clk_wiz/inst/clk_out1                                  |                                                                                                                                                 | system_i/axi_io/U0/AXI_LITE_IPIF_I/I_SLAVE_ATTACHMENT/I_DECODER/bus2ip_rnw_i_reg_0                                      |                5 |             16 |         3.20 |
|  system_i/clk_wiz/inst/clk_out1                                  | system_i/axi_inter/s00_couplers/auto_pc/inst/gen_axilite.gen_b2s_conv.axilite_b2s/RD.r_channel_0/r_push_r                                       |                                                                                                                         |                4 |             17 |         4.25 |
|  system_i/clk_wiz/inst/clk_out1                                  |                                                                                                                                                 | system_i/axi_i2c/U0/X_IIC/X_AXI_IPIF_SSP1/AXI_LITE_IPIF_I/I_SLAVE_ATTACHMENT/rst                                        |                6 |             17 |         2.83 |
|  system_i/clk_wiz/inst/clk_out1                                  | system_i/axi_inter/s00_couplers/auto_pc/inst/gen_axilite.gen_b2s_conv.axilite_b2s/SI_REG/b.b_pipe/p_1_in                                        |                                                                                                                         |                6 |             18 |         3.00 |
|  system_i/clk_wiz/inst/clk_out1                                  | system_i/axi_inter/s00_couplers/auto_pc/inst/gen_axilite.gen_b2s_conv.axilite_b2s/SI_REG/b.b_pipe/s_ready_i_reg_0                               |                                                                                                                         |                6 |             18 |         3.00 |
|  system_i/clk_wiz/inst/clk_out1                                  | system_i/axi_intc/U0/AXI_LITE_IPIF_I/I_SLAVE_ATTACHMENT/start2                                                                                  | system_i/axi_intc/U0/AXI_LITE_IPIF_I/I_SLAVE_ATTACHMENT/I_DECODER/cs_ce_clr                                             |                5 |             19 |         3.80 |
|  system_i/clk_wiz/inst/clk_out1                                  |                                                                                                                                                 | system_i/system_management_wiz_0/inst/bus2ip_reset_active_high                                                          |                6 |             21 |         3.50 |
|  system_i/clk_wiz/inst/clk_out1                                  | system_i/axi_inter/s00_couplers/auto_pc/inst/gen_axilite.gen_b2s_conv.axilite_b2s/WR.aw_channel_0/aw_cmd_fsm_0/E[0]                             |                                                                                                                         |               10 |             22 |         2.20 |
|  system_i/clk_wiz/inst/clk_out1                                  | system_i/axi_inter/s00_couplers/auto_pc/inst/gen_axilite.gen_b2s_conv.axilite_b2s/RD.ar_channel_0/ar_cmd_fsm_0/m_valid_i_reg_0[0]               |                                                                                                                         |                9 |             23 |         2.56 |
|  system_i/clk_wiz/inst/clk_out1                                  | system_i/axi_i2c/U0/X_IIC/X_AXI_IPIF_SSP1/AXI_LITE_IPIF_I/I_SLAVE_ATTACHMENT/start2                                                             | system_i/axi_i2c/U0/X_IIC/X_AXI_IPIF_SSP1/AXI_LITE_IPIF_I/I_SLAVE_ATTACHMENT/I_DECODER/MEM_DECODE_GEN[0].cs_out_i_reg0  |                8 |             24 |         3.00 |
|  system_i/clk_wiz/inst/clk_out1                                  | system_i/axi_inter/s00_couplers/auto_pc/inst/gen_axilite.gen_b2s_conv.axilite_b2s/WR.aw_channel_0/aw_cmd_fsm_0/cnt_read_reg[1]                  |                                                                                                                         |                2 |             24 |        12.00 |
|  system_i/clk_wiz/inst/clk_out1                                  |                                                                                                                                                 | system_i/axi_intc/U0/AXI_LITE_IPIF_I/I_SLAVE_ATTACHMENT/rst                                                             |               13 |             30 |         2.31 |
|  system_i/clk_wiz/inst/clk_out1                                  | system_i/axi_inter1/xbar/inst/gen_sasd.crossbar_sasd_0/addr_arbiter_inst/p_0_in1_in                                                             | system_i/axi_inter1/xbar/inst/gen_sasd.crossbar_sasd_0/aresetn_d                                                        |               10 |             33 |         3.30 |
|  system_i/clk_wiz/inst/clk_out1                                  | system_i/axi_inter1/s00_mmu/inst/register_slice_inst/aw.aw_pipe/mr_axi_awvalid                                                                  |                                                                                                                         |               14 |             34 |         2.43 |
|  system_i/clk_wiz/inst/clk_out1                                  | system_i/axi_inter1/s00_mmu/inst/register_slice_inst/ar.ar_pipe/mr_axi_arvalid                                                                  |                                                                                                                         |               14 |             34 |         2.43 |
|  system_i/clk_wiz/inst/clk_out1                                  | system_i/axi_inter/s00_couplers/auto_pc/inst/gen_axilite.gen_b2s_conv.axilite_b2s/RD.r_channel_0/rd_data_fifo_0/wr_en0                          |                                                                                                                         |                5 |             34 |         6.80 |
|  system_i/clk_wiz/inst/clk_out1                                  | system_i/axi_inter1/xbar/inst/gen_sasd.crossbar_sasd_0/addr_arbiter_inst/E[0]                                                                   |                                                                                                                         |               13 |             35 |         2.69 |
|  system_i/clk_wiz/inst/clk_out1                                  |                                                                                                                                                 | system_i/axi_i2c/U0/X_IIC/REG_INTERFACE_I/Q[0]                                                                          |               13 |             41 |         3.15 |
|  system_i/clk_wiz/inst/clk_out1                                  |                                                                                                                                                 | system_i/axi_i2c/U0/X_IIC/X_AXI_IPIF_SSP1/X_SOFT_RESET/SR[0]                                                            |               18 |             42 |         2.33 |
|  system_i/clk_wiz/inst/clk_out1                                  | system_i/axi_inter/s00_couplers/auto_pc/inst/gen_axilite.gen_b2s_conv.axilite_b2s/SI_REG/r.r_pipe/s_ready_i_reg_0                               |                                                                                                                         |               16 |             51 |         3.19 |
|  system_i/clk_wiz/inst/clk_out1                                  | system_i/axi_inter/s00_couplers/auto_pc/inst/gen_axilite.gen_b2s_conv.axilite_b2s/SI_REG/r.r_pipe/p_1_in                                        |                                                                                                                         |               16 |             51 |         3.19 |
|  system_i/clk_wiz/inst/clk_out1                                  |                                                                                                                                                 | system_i/sys_ret200/U0/peripheral_aresetn[0]                                                                            |               15 |             55 |         3.67 |
|  system_i/clk_wiz/inst/clk_out1                                  | system_i/axi_inter/s00_couplers/auto_pc/inst/gen_axilite.gen_b2s_conv.axilite_b2s/RD.ar_channel_0/ar_cmd_fsm_0/FSM_sequential_state_reg[1]_1[0] |                                                                                                                         |               11 |             61 |         5.55 |
|  system_i/clk_wiz/inst/clk_out1                                  | system_i/axi_inter/s00_couplers/auto_pc/inst/gen_axilite.gen_b2s_conv.axilite_b2s/SI_REG/ar.ar_pipe/s_ready_i_reg_0                             |                                                                                                                         |               15 |             61 |         4.07 |
|  system_i/clk_wiz/inst/clk_out1                                  | system_i/axi_inter/s00_couplers/auto_pc/inst/gen_axilite.gen_b2s_conv.axilite_b2s/WR.aw_channel_0/aw_cmd_fsm_0/m_valid_i_reg[0]                 |                                                                                                                         |               18 |             61 |         3.39 |
|  system_i/clk_wiz/inst/clk_out1                                  | system_i/axi_inter/s00_couplers/auto_pc/inst/gen_axilite.gen_b2s_conv.axilite_b2s/SI_REG/aw.aw_pipe/s_ready_i_reg_0                             |                                                                                                                         |               18 |             61 |         3.39 |
|  system_i/clk_wiz/inst/clk_out1                                  |                                                                                                                                                 |                                                                                                                         |               69 |            192 |         2.78 |
+------------------------------------------------------------------+-------------------------------------------------------------------------------------------------------------------------------------------------+-------------------------------------------------------------------------------------------------------------------------+------------------+----------------+--------------+


