Copyright 1986-2021 Xilinx, Inc. All Rights Reserved.
------------------------------------------------------------------------------------------------------------------------------------------------------------------------
| Tool Version : Vivado v.2021.1 (win64) Build 3247384 Thu Jun 10 19:36:33 MDT 2021
| Date         : Thu Jan 13 02:11:10 2022
| Host         : DESKTOP-OELG8MS running 64-bit major release  (build 9200)
| Command      : report_accelerator_utilization -kernels { krnl_vadd:system_i/krnl_vadd_1/inst:krnl_vadd_1} -file kernel_util_routed.rpt -name kernel_util_routed -json
| Design       : system_wrapper
| Device       : xck26
| Design State : Routed
------------------------------------------------------------------------------------------------------------------------------------------------------------------------

Accelerator Utilization Design Information

Table of Contents
-----------------
1. System Utilization

1. System Utilization
---------------------

+---------------------+------------------+-----------------+------------------+---------------+--------------+----------------+
| Name                | LUT              | LUTAsMem        | REG              | BRAM          | URAM         | DSP            |
+---------------------+------------------+-----------------+------------------+---------------+--------------+----------------+
| Platform            |   4103 [  3.50%] |   311 [  0.54%] |   5125 [  2.19%] |   0 [  0.00%] |  0 [  0.00%] |    0 [  0.00%] |
| User Budget         | 113017 [100.00%] | 57289 [100.00%] | 229115 [100.00%] | 144 [100.00%] | 64 [100.00%] | 1248 [100.00%] |
|    Used Resources   |   2428 [  2.15%] |   627 [  1.09%] |   3055 [  1.33%] |   1 [  0.69%] |  0 [  0.00%] |    0 [  0.00%] |
|    Unused Resources | 110589 [ 97.85%] | 56662 [ 98.91%] | 226060 [ 98.67%] | 143 [ 99.31%] | 64 [100.00%] | 1248 [100.00%] |
| krnl_vadd           |   2428 [  2.15%] |   627 [  1.09%] |   3055 [  1.33%] |   1 [  0.69%] |  0 [  0.00%] |    0 [  0.00%] |
|    krnl_vadd_1      |   2428 [  2.15%] |   627 [  1.09%] |   3055 [  1.33%] |   1 [  0.69%] |  0 [  0.00%] |    0 [  0.00%] |
+---------------------+------------------+-----------------+------------------+---------------+--------------+----------------+


